<?xml version="1.0" encoding="UTF-8"?>
<!-- Generated by org.testng.reporters.JUnitReportReporter -->
<testsuite skipped="0" hostname="LMC-LT-069" name="com.mystore.testcases.AddToCartPageTest" tests="1" failures="0" timestamp="2022-10-12T14:41:07 IST" time="33.804" errors="0">
  <testcase name="addToCartTest" time="33.804" classname="com.mystore.testcases.AddToCartPageTest"/>
  <system-out/>
</testsuite> <!-- com.mystore.testcases.AddToCartPageTest -->
