<?xml version="1.0" encoding="UTF-8"?>
<!-- Generated by org.testng.reporters.JUnitReportReporter -->
<testsuite skipped="0" hostname="LMC-LT-069" name="com.mystore.testcases.OrderPageTest" tests="1" failures="0" timestamp="2022-10-12T14:41:07 IST" time="33.465" errors="0">
  <testcase name="verifyTotalPrice" time="33.465" classname="com.mystore.testcases.OrderPageTest"/>
  <system-out/>
</testsuite> <!-- com.mystore.testcases.OrderPageTest -->
