<?xml version="1.0" encoding="UTF-8"?>
<!-- Generated by org.testng.reporters.JUnitReportReporter -->
<testsuite skipped="0" hostname="LMC-LT-069" name="com.mystore.testcases.AccountCreationPageTest" tests="1" failures="0" timestamp="2022-10-12T14:41:07 IST" time="24.118" errors="0">
  <testcase name="verifyCreateAccountPageTest" time="24.118" classname="com.mystore.testcases.AccountCreationPageTest"/>
  <system-out/>
</testsuite> <!-- com.mystore.testcases.AccountCreationPageTest -->
