<?xml version="1.0" encoding="UTF-8"?>
<!-- Generated by org.testng.reporters.JUnitReportReporter -->
<testsuite hostname="LMC-LT-066" failures="0" tests="2" name="com.mystore.testcases.HomePageTest" time="107.794" errors="0" timestamp="2022-10-13T13:10:02 IST" skipped="0">
  <testcase classname="com.mystore.testcases.HomePageTest" name="orderHistoryandDetailsTest" time="59.101"/>
  <system-out/>
  <testcase classname="com.mystore.testcases.HomePageTest" name="wishListTest" time="48.693"/>
  <system-out/>
</testsuite> <!-- com.mystore.testcases.HomePageTest -->
