<?xml version="1.0" encoding="UTF-8"?>
<!-- Generated by org.testng.reporters.JUnitReportReporter -->
<testsuite skipped="0" hostname="LMC-LT-069" name="com.mystore.testcases.EndToEndTest" tests="1" failures="0" timestamp="2022-10-12T15:34:25 IST" time="160.192" errors="0">
  <testcase name="endToEndTest" time="160.192" classname="com.mystore.testcases.EndToEndTest"/>
  <system-out/>
</testsuite> <!-- com.mystore.testcases.EndToEndTest -->
