<?xml version="1.0" encoding="UTF-8"?>
<!-- Generated by org.testng.reporters.JUnitReportReporter -->
<testsuite skipped="0" hostname="LMC-LT-069" name="com.mystore.testcases.SearchResultPageTest" tests="1" failures="0" timestamp="2022-10-12T14:41:07 IST" time="34.053" errors="0">
  <testcase name="productAvailabilityTest" time="34.053" classname="com.mystore.testcases.SearchResultPageTest"/>
  <system-out/>
</testsuite> <!-- com.mystore.testcases.SearchResultPageTest -->
