<?xml version="1.0" encoding="UTF-8"?>
<!-- Generated by org.testng.reporters.JUnitReportReporter -->
<testsuite skipped="0" hostname="LMC-LT-069" name="com.mystore.testcases.LoginPageTest" tests="1" failures="0" timestamp="2022-10-12T14:41:07 IST" time="23.762" errors="0">
  <testcase name="loginTest" time="23.762" classname="com.mystore.testcases.LoginPageTest"/>
  <system-out/>
</testsuite> <!-- com.mystore.testcases.LoginPageTest -->
