<?xml version="1.0" encoding="UTF-8"?>
<!-- Generated by org.testng.reporters.JUnitReportReporter -->
<testsuite skipped="0" hostname="LMC-LT-069" name="com.mystore.testcases.HomePageTest_temp" tests="4" failures="0" timestamp="2022-06-17T11:03:54 IST" time="86.635" errors="0">
  <testcase name="orderHistoryandDetailsTest2" time="20.642" classname="com.mystore.testcases.HomePageTest_temp"/>
  <system-out/>
  <testcase name="orderHistoryandDetailsTest" time="25.423" classname="com.mystore.testcases.HomePageTest_temp"/>
  <system-out/>
  <testcase name="wishListTest" time="20.402" classname="com.mystore.testcases.HomePageTest_temp"/>
  <system-out/>
  <testcase name="wishListTest2" time="20.168" classname="com.mystore.testcases.HomePageTest_temp"/>
  <system-out/>
</testsuite> <!-- com.mystore.testcases.HomePageTest_temp -->
