<?xml version="1.0" encoding="UTF-8"?>
<!-- Generated by org.testng.reporters.JUnitReportReporter -->
<testsuite skipped="0" hostname="LMC-LT-069" name="com.mystore.testcases.IndexPageTest" tests="2" failures="0" timestamp="2022-10-12T14:41:07 IST" time="25.266" errors="0">
  <testcase name="verifyLogo" time="11.986" classname="com.mystore.testcases.IndexPageTest"/>
  <system-out/>
  <testcase name="verifyTitle" time="13.280" classname="com.mystore.testcases.IndexPageTest"/>
  <system-out/>
</testsuite> <!-- com.mystore.testcases.IndexPageTest -->
